[17-Jun-2017 20:02:05 UTC] PHP Warning:  fopen(vehi.txt): failed to open stream: No such file or directory in /home/ubuntu/workspace/webfinal/Vehicles-System/html/offercar.php on line 43
[17-Jun-2017 20:02:05 UTC] PHP Stack trace:
[17-Jun-2017 20:02:05 UTC] PHP   1. {main}() /home/ubuntu/workspace/webfinal/Vehicles-System/html/offercar.php:0
[17-Jun-2017 20:02:05 UTC] PHP   2. getVehicles() /home/ubuntu/workspace/webfinal/Vehicles-System/html/offercar.php:55
[17-Jun-2017 20:02:05 UTC] PHP   3. fopen() /home/ubuntu/workspace/webfinal/Vehicles-System/html/offercar.php:43
[20-Jun-2017 14:40:46 UTC] PHP Fatal error:  Function name must be a string in /home/ubuntu/workspace/webfinal/Vehicles-System/php/server.php on line 50
[20-Jun-2017 14:40:46 UTC] PHP Stack trace:
[20-Jun-2017 14:40:46 UTC] PHP   1. {main}() /home/ubuntu/workspace/webfinal/Vehicles-System/php/server.php:0
[20-Jun-2017 14:40:55 UTC] PHP Fatal error:  Function name must be a string in /home/ubuntu/workspace/webfinal/Vehicles-System/php/server.php on line 50
[20-Jun-2017 14:40:55 UTC] PHP Stack trace:
[20-Jun-2017 14:40:55 UTC] PHP   1. {main}() /home/ubuntu/workspace/webfinal/Vehicles-System/php/server.php:0
[20-Jun-2017 14:41:09 UTC] PHP Fatal error:  Function name must be a string in /home/ubuntu/workspace/webfinal/Vehicles-System/php/server.php on line 50
[20-Jun-2017 14:41:09 UTC] PHP Stack trace:
[20-Jun-2017 14:41:09 UTC] PHP   1. {main}() /home/ubuntu/workspace/webfinal/Vehicles-System/php/server.php:0
[20-Jun-2017 14:41:20 UTC] PHP Fatal error:  Function name must be a string in /home/ubuntu/workspace/webfinal/Vehicles-System/php/server.php on line 50
[20-Jun-2017 14:41:20 UTC] PHP Stack trace:
[20-Jun-2017 14:41:20 UTC] PHP   1. {main}() /home/ubuntu/workspace/webfinal/Vehicles-System/php/server.php:0
[20-Jun-2017 14:42:53 UTC] PHP Fatal error:  Function name must be a string in /home/ubuntu/workspace/webfinal/Vehicles-System/php/server.php on line 50
[20-Jun-2017 14:42:53 UTC] PHP Stack trace:
[20-Jun-2017 14:42:53 UTC] PHP   1. {main}() /home/ubuntu/workspace/webfinal/Vehicles-System/php/server.php:0
[20-Jun-2017 14:44:32 UTC] PHP Fatal error:  Function name must be a string in /home/ubuntu/workspace/webfinal/Vehicles-System/php/server.php on line 50
[20-Jun-2017 14:44:32 UTC] PHP Stack trace:
[20-Jun-2017 14:44:32 UTC] PHP   1. {main}() /home/ubuntu/workspace/webfinal/Vehicles-System/php/server.php:0
[20-Jun-2017 14:47:03 UTC] PHP Fatal error:  Function name must be a string in /home/ubuntu/workspace/webfinal/Vehicles-System/php/server.php on line 50
[20-Jun-2017 14:47:03 UTC] PHP Stack trace:
[20-Jun-2017 14:47:03 UTC] PHP   1. {main}() /home/ubuntu/workspace/webfinal/Vehicles-System/php/server.php:0
[20-Jun-2017 14:51:03 UTC] PHP Fatal error:  Function name must be a string in /home/ubuntu/workspace/webfinal/Vehicles-System/php/server.php on line 50
[20-Jun-2017 14:51:03 UTC] PHP Stack trace:
[20-Jun-2017 14:51:03 UTC] PHP   1. {main}() /home/ubuntu/workspace/webfinal/Vehicles-System/php/server.php:0
[20-Jun-2017 14:51:18 UTC] PHP Fatal error:  Function name must be a string in /home/ubuntu/workspace/webfinal/Vehicles-System/php/server.php on line 50
[20-Jun-2017 14:51:18 UTC] PHP Stack trace:
[20-Jun-2017 14:51:18 UTC] PHP   1. {main}() /home/ubuntu/workspace/webfinal/Vehicles-System/php/server.php:0
[20-Jun-2017 14:52:31 UTC] PHP Fatal error:  Function name must be a string in /home/ubuntu/workspace/webfinal/Vehicles-System/php/server.php on line 50
[20-Jun-2017 14:52:31 UTC] PHP Stack trace:
[20-Jun-2017 14:52:31 UTC] PHP   1. {main}() /home/ubuntu/workspace/webfinal/Vehicles-System/php/server.php:0
[20-Jun-2017 14:53:41 UTC] PHP Fatal error:  Function name must be a string in /home/ubuntu/workspace/webfinal/Vehicles-System/php/server.php on line 55
[20-Jun-2017 14:53:41 UTC] PHP Stack trace:
[20-Jun-2017 14:53:41 UTC] PHP   1. {main}() /home/ubuntu/workspace/webfinal/Vehicles-System/php/server.php:0
[20-Jun-2017 14:54:22 UTC] PHP Fatal error:  Function name must be a string in /home/ubuntu/workspace/webfinal/Vehicles-System/php/server.php on line 63
[20-Jun-2017 14:54:22 UTC] PHP Stack trace:
[20-Jun-2017 14:54:22 UTC] PHP   1. {main}() /home/ubuntu/workspace/webfinal/Vehicles-System/php/server.php:0
[20-Jun-2017 14:54:30 UTC] PHP Fatal error:  Function name must be a string in /home/ubuntu/workspace/webfinal/Vehicles-System/php/server.php on line 63
[20-Jun-2017 14:54:30 UTC] PHP Stack trace:
[20-Jun-2017 14:54:30 UTC] PHP   1. {main}() /home/ubuntu/workspace/webfinal/Vehicles-System/php/server.php:0
[20-Jun-2017 14:55:43 UTC] PHP Fatal error:  Function name must be a string in /home/ubuntu/workspace/webfinal/Vehicles-System/php/server.php on line 63
[20-Jun-2017 14:55:43 UTC] PHP Stack trace:
[20-Jun-2017 14:55:43 UTC] PHP   1. {main}() /home/ubuntu/workspace/webfinal/Vehicles-System/php/server.php:0
[20-Jun-2017 14:55:48 UTC] PHP Fatal error:  Function name must be a string in /home/ubuntu/workspace/webfinal/Vehicles-System/php/server.php on line 63
[20-Jun-2017 14:55:48 UTC] PHP Stack trace:
[20-Jun-2017 14:55:48 UTC] PHP   1. {main}() /home/ubuntu/workspace/webfinal/Vehicles-System/php/server.php:0
[20-Jun-2017 14:56:27 UTC] PHP Fatal error:  Function name must be a string in /home/ubuntu/workspace/webfinal/Vehicles-System/php/server.php on line 59
[20-Jun-2017 14:56:27 UTC] PHP Stack trace:
[20-Jun-2017 14:56:27 UTC] PHP   1. {main}() /home/ubuntu/workspace/webfinal/Vehicles-System/php/server.php:0
[20-Jun-2017 14:56:33 UTC] PHP Fatal error:  Function name must be a string in /home/ubuntu/workspace/webfinal/Vehicles-System/php/server.php on line 59
[20-Jun-2017 14:56:33 UTC] PHP Stack trace:
[20-Jun-2017 14:56:33 UTC] PHP   1. {main}() /home/ubuntu/workspace/webfinal/Vehicles-System/php/server.php:0
[20-Jun-2017 14:56:45 UTC] PHP Fatal error:  Function name must be a string in /home/ubuntu/workspace/webfinal/Vehicles-System/php/server.php on line 59
[20-Jun-2017 14:56:45 UTC] PHP Stack trace:
[20-Jun-2017 14:56:45 UTC] PHP   1. {main}() /home/ubuntu/workspace/webfinal/Vehicles-System/php/server.php:0
[20-Jun-2017 14:57:07 UTC] PHP Fatal error:  Function name must be a string in /home/ubuntu/workspace/webfinal/Vehicles-System/php/server.php on line 60
[20-Jun-2017 14:57:07 UTC] PHP Stack trace:
[20-Jun-2017 14:57:07 UTC] PHP   1. {main}() /home/ubuntu/workspace/webfinal/Vehicles-System/php/server.php:0
[20-Jun-2017 14:57:13 UTC] PHP Fatal error:  Function name must be a string in /home/ubuntu/workspace/webfinal/Vehicles-System/php/server.php on line 60
[20-Jun-2017 14:57:13 UTC] PHP Stack trace:
[20-Jun-2017 14:57:13 UTC] PHP   1. {main}() /home/ubuntu/workspace/webfinal/Vehicles-System/php/server.php:0
[20-Jun-2017 14:57:37 UTC] PHP Fatal error:  Function name must be a string in /home/ubuntu/workspace/webfinal/Vehicles-System/php/server.php on line 65
[20-Jun-2017 14:57:37 UTC] PHP Stack trace:
[20-Jun-2017 14:57:37 UTC] PHP   1. {main}() /home/ubuntu/workspace/webfinal/Vehicles-System/php/server.php:0
[20-Jun-2017 15:00:21 UTC] PHP Fatal error:  Function name must be a string in /home/ubuntu/workspace/webfinal/Vehicles-System/php/server.php on line 61
[20-Jun-2017 15:00:21 UTC] PHP Stack trace:
[20-Jun-2017 15:00:21 UTC] PHP   1. {main}() /home/ubuntu/workspace/webfinal/Vehicles-System/php/server.php:0
